#
# There is insufficient memory for the Java Runtime Environment to continue.
# Native memory allocation (mmap) failed to map 123731968 bytes for Failed to commit area from 0x000000008a000000 to 0x0000000091600000 of length 123731968.
# Possible reasons:
#   The system is out of physical RAM or swap space
#   The process is running with CompressedOops enabled, and the Java Heap may be blocking the growth of the native heap
# Possible solutions:
#   Reduce memory load on the system
#   Increase physical memory or swap space
#   Check if swap backing store is full
#   Decrease Java heap size (-Xmx/-Xms)
#   Decrease number of Java threads
#   Decrease Java thread stack sizes (-Xss)
#   Set larger code cache with -XX:ReservedCodeCacheSize=
# This output file may be truncated or incomplete.
#
#  Out of Memory Error (./src/hotspot/os/windows/os_windows.cpp:3521), pid=29964, tid=23472
#
# JRE version:  (11.0.12+7) (build )
# Java VM: OpenJDK 64-Bit Server VM (11.0.12+7-b1504.28-7817840, mixed mode, sharing, tiered, compressed oops, g1 gc, windows-amd64)
# No core dump will be written. Minidumps are not enabled by default on client versions of Windows
#

---------------  S U M M A R Y ------------

Command Line: 

Host: AMD Ryzen 5 4600H with Radeon Graphics         , 12 cores, 7G,  Windows 10 , 64 bit Build 22000 (10.0.22000.708)
Time: Mon Aug  1 20:28:53 2022 India Standard Time elapsed time: 0.016967 seconds (0d 0h 0m 0s)

---------------  T H R E A D  ---------------

Current thread (0x000002617037e800):  JavaThread "Unknown thread" [_thread_in_vm, id=23472, stack(0x000000a2b2300000,0x000000a2b2400000)]

Stack: [0x000000a2b2300000,0x000000a2b2400000]
Native frames: (J=compiled Java code, j=interpreted, Vv=VM code, C=native code)
V  [jvm.dll+0x5fbcea]
V  [jvm.dll+0x731905]
V  [jvm.dll+0x732f1d]
V  [jvm.dll+0x7335d3]
V  [jvm.dll+0x247bf8]
V  [jvm.dll+0x5f90b4]
V  [jvm.dll+0x5edc85]
V  [jvm.dll+0x305aeb]
V  [jvm.dll+0x305a5a]
V  [jvm.dll+0x305932]
V  [jvm.dll+0x30a896]
V  [jvm.dll+0x353803]
V  [jvm.dll+0x353f06]
V  [jvm.dll+0x353903]
V  [jvm.dll+0x2e0678]
V  [jvm.dll+0x2e1827]
V  [jvm.dll+0x710037]
V  [jvm.dll+0x71182c]
V  [jvm.dll+0x360da9]
V  [jvm.dll+0x6f390e]
V  [jvm.dll+0x3c9723]
V  [jvm.dll+0x3cb9b1]
C  [jli.dll+0x536b]
C  [ucrtbase.dll+0x26c0c]
C  [KERNEL32.DLL+0x154e0]
C  [ntdll.dll+0x485b]


---------------  P R O C E S S  ---------------

Threads class SMR info:
_java_thread_list=0x000002616e0526e0, length=0, elements={
}

Java Threads: ( => current thread )

Other Threads:
  0x0000026170396800 GCTaskThread "GC Thread#0" [stack: 0x000000a2b2400000,0x000000a2b2500000] [id=25192]
  0x00000261703c4800 ConcurrentGCThread "G1 Main Marker" [stack: 0x000000a2b2500000,0x000000a2b2600000] [id=27920]
  0x00000261703c6800 ConcurrentGCThread "G1 Conc#0" [stack: 0x000000a2b2600000,0x000000a2b2700000] [id=14180]

[error occurred during error reporting (printing all threads), id 0xc0000005, EXCEPTION_ACCESS_VIOLATION (0xc0000005) at pc=0x00007ffb83a00be7]

VM state:not at safepoint (not fully initialized)

VM Mutex/Monitor currently owned by a thread:  ([mutex/lock_event])
[0x000002616e12b160] Heap_lock - owner thread: 0x000002617037e800

Heap address: 0x000000008a000000, size: 1888 MB, Compressed Oops mode: Non-zero based: 0x000000008a000000
Narrow klass base: 0x0000000000000000, Narrow klass shift: 0

GC Heap History (0 events):
No events

Deoptimization events (0 events):
No events

Classes redefined (0 events):
No events

Internal exceptions (0 events):
No events

Events (1 events):
Event: 0.007 Loaded shared library C:\Program Files\Android\Android Studio\jre\bin\zip.dll


Dynamic libraries:
0x00007ff60b5a0000 - 0x00007ff60b5aa000 	C:\Program Files\Android\Android Studio\jre\bin\java.EXE
0x00007ffc4c900000 - 0x00007ffc4cb09000 	C:\WINDOWS\SYSTEM32\ntdll.dll
0x00007ffc4bd80000 - 0x00007ffc4be3d000 	C:\WINDOWS\System32\KERNEL32.DLL
0x00007ffc4a160000 - 0x00007ffc4a4d9000 	C:\WINDOWS\System32\KERNELBASE.dll
0x00007ffc49f80000 - 0x00007ffc4a091000 	C:\WINDOWS\System32\ucrtbase.dll
0x00007ffc41ec0000 - 0x00007ffc41ed9000 	C:\Program Files\Android\Android Studio\jre\bin\jli.dll
0x00007ffc36c50000 - 0x00007ffc36c67000 	C:\Program Files\Android\Android Studio\jre\bin\VCRUNTIME140.dll
0x00007ffc4c4c0000 - 0x00007ffc4c66c000 	C:\WINDOWS\System32\USER32.dll
0x00007ffc2a0b0000 - 0x00007ffc2a355000 	C:\WINDOWS\WinSxS\amd64_microsoft.windows.common-controls_6595b64144ccf1df_6.0.22000.120_none_9d947278b86cc467\COMCTL32.dll
0x00007ffc49de0000 - 0x00007ffc49e06000 	C:\WINDOWS\System32\win32u.dll
0x00007ffc4beb0000 - 0x00007ffc4bf53000 	C:\WINDOWS\System32\msvcrt.dll
0x00007ffc4bd40000 - 0x00007ffc4bd69000 	C:\WINDOWS\System32\GDI32.dll
0x00007ffc4a5f0000 - 0x00007ffc4a702000 	C:\WINDOWS\System32\gdi32full.dll
0x00007ffc4a4e0000 - 0x00007ffc4a57d000 	C:\WINDOWS\System32\msvcp_win.dll
0x00007ffc4b090000 - 0x00007ffc4b0c1000 	C:\WINDOWS\System32\IMM32.DLL
0x00007ffc02ed0000 - 0x00007ffc02f6d000 	C:\Program Files\Android\Android Studio\jre\bin\msvcp140.dll
0x00007ffb83710000 - 0x00007ffb841f5000 	C:\Program Files\Android\Android Studio\jre\bin\server\jvm.dll
0x00007ffc4ab10000 - 0x00007ffc4abbe000 	C:\WINDOWS\System32\ADVAPI32.dll
0x00007ffc4b200000 - 0x00007ffc4b29e000 	C:\WINDOWS\System32\sechost.dll
0x00007ffc4b0d0000 - 0x00007ffc4b1f0000 	C:\WINDOWS\System32\RPCRT4.dll
0x00007ffc4c4b0000 - 0x00007ffc4c4b8000 	C:\WINDOWS\System32\PSAPI.DLL
0x00007ffc42d30000 - 0x00007ffc42d3a000 	C:\WINDOWS\SYSTEM32\VERSION.dll
0x00007ffc33bf0000 - 0x00007ffc33bf9000 	C:\WINDOWS\SYSTEM32\WSOCK32.dll
0x00007ffc44750000 - 0x00007ffc44783000 	C:\WINDOWS\SYSTEM32\WINMM.dll
0x00007ffc4be40000 - 0x00007ffc4beaf000 	C:\WINDOWS\System32\WS2_32.dll
0x00007ffc48ea0000 - 0x00007ffc48eb8000 	C:\WINDOWS\SYSTEM32\kernel.appcore.dll
0x00007ffc417c0000 - 0x00007ffc417d1000 	C:\Program Files\Android\Android Studio\jre\bin\verify.dll
0x00007ffc47b50000 - 0x00007ffc47d71000 	C:\WINDOWS\SYSTEM32\DBGHELP.DLL
0x00007ffc41480000 - 0x00007ffc414b1000 	C:\WINDOWS\SYSTEM32\dbgcore.DLL
0x00007ffc4a710000 - 0x00007ffc4a78f000 	C:\WINDOWS\System32\bcryptPrimitives.dll
0x00007ffc214a0000 - 0x00007ffc214c9000 	C:\Program Files\Android\Android Studio\jre\bin\java.dll
0x00007ffc39b50000 - 0x00007ffc39b5b000 	C:\Program Files\Android\Android Studio\jre\bin\jimage.dll
0x00007ffc213f0000 - 0x00007ffc21408000 	C:\Program Files\Android\Android Studio\jre\bin\zip.dll

dbghelp: loaded successfully - version: 4.0.5 - missing functions: none
symbol engine: initialized successfully - sym options: 0x614 - pdb path: .;C:\Program Files\Android\Android Studio\jre\bin;C:\WINDOWS\SYSTEM32;C:\WINDOWS\WinSxS\amd64_microsoft.windows.common-controls_6595b64144ccf1df_6.0.22000.120_none_9d947278b86cc467;C:\Program Files\Android\Android Studio\jre\bin\server

VM Arguments:
java_command: <unknown>
java_class_path (initial): <not set>
Launcher Type: SUN_STANDARD

[Global flags]
     intx CICompilerCount                          = 4                                         {product} {ergonomic}
     uint ConcGCThreads                            = 3                                         {product} {ergonomic}
     uint G1ConcRefinementThreads                  = 10                                        {product} {ergonomic}
   size_t G1HeapRegionSize                         = 1048576                                   {product} {ergonomic}
    uintx GCDrainStackTargetSize                   = 64                                        {product} {ergonomic}
   size_t InitialHeapSize                          = 123731968                                 {product} {ergonomic}
   size_t MarkStackSize                            = 4194304                                   {product} {ergonomic}
   size_t MaxHeapSize                              = 1979711488                                {product} {ergonomic}
   size_t MinHeapDeltaBytes                        = 1048576                                   {product} {ergonomic}
    uintx NonNMethodCodeHeapSize                   = 5836300                                {pd product} {ergonomic}
    uintx NonProfiledCodeHeapSize                  = 122910970                              {pd product} {ergonomic}
    uintx ProfiledCodeHeapSize                     = 122910970                              {pd product} {ergonomic}
    uintx ReservedCodeCacheSize                    = 251658240                              {pd product} {ergonomic}
     bool SegmentedCodeCache                       = true                                      {product} {ergonomic}
     bool UseCompressedClassPointers               = true                                 {lp64_product} {ergonomic}
     bool UseCompressedOops                        = true                                 {lp64_product} {ergonomic}
     bool UseG1GC                                  = true                                      {product} {ergonomic}
     bool UseLargePagesIndividualAllocation        = false                                  {pd product} {ergonomic}

Logging:
Log output configuration:
 #0: stdout all=warning uptime,level,tags
 #1: stderr all=off uptime,level,tags

Environment Variables:
JAVA_HOME=C:\Program Files\Java\jdk-11.0.13
PATH=C:\oraclexe\app\oracle\product\11.2.0\server\bin;C:\Program Files\Common Files\Oracle\Java\javapath;C:\Program Files\Eclipse Foundation\jdk-11.0.12.7-hotspot\bin;C:\Program Files (x86)\Common Files\Oracle\Java\javapath;C:\Windows\system32;C:\Windows;C:\Windows\System32\Wbem;C:\Windows\System32\WindowsPowerShell\v1.0\;C:\Windows\System32\OpenSSH\;C:\Program Files (x86)\NVIDIA Corporation\PhysX\Common;C:\Program Files\NVIDIA Corporation\NVIDIA NvDLISR;C:\MinGW\bin;C:\Program Files\TortoiseGit\bin;C:\WINDOWS\system32;C:\WINDOWS;C:\WINDOWS\System32\Wbem;C:\WINDOWS\System32\WindowsPowerShell\v1.0\;C:\WINDOWS\System32\OpenSSH\;C:\Program Files\Microsoft SQL Server\150\Tools\Binn\;C:\Program Files\Git\cmd;C:\apache-ant-1.10.12\bin;C:\apache-ant-1.10.12\bin;C:\junit jar;C:\apache-maven-3.8.4\bin;C:\Program Files\Java\jdk-11.0.13\bin;C:\apache-maven-3.8.4\bin;"C:\junit jar\junit-4.13.2-javadoc.JAR;.;";C:\Program Files\nodejs\;C:\ProgramData\chocolatey\bin;C:\Program Files\MySQL\MySQL Server 8.0\bin;C:\Program Files\MongoDB\Server\6.0\bin;;C:\Program Files\Docker\Docker\resources\bin;C:\ProgramData\DockerDesktop\version-bin;C:\Users\ankit\anaconda3;C:\Users\ankit\anaconda3\Library\mingw-w64\bin;C:\Users\ankit\anaconda3\Library\usr\bin;C:\Users\ankit\anaconda3\Library\bin;C:\Users\ankit\anaconda3\Scripts;C:\Program Files\MySQL\MySQL Shell 8.0\bin\;C:\Users\ankit\AppData\Local\Microsoft\WindowsApps;C:\Users\ankit\AppData\Local\Programs\Microsoft VS Code\bin;C:\Program Files\Java\jdk-16.0.2\bin;C:\Program Files\JetBrains\CLion 2021.2.1\bin;;C:\Users\ankit\AppData\Roaming\npm;C:\Program Files\OpenSSL-Win64\bin;C:\src\flutter\bin;C:\Program Files\MongoDB\Server\6.0\bin;
USERNAME=ankit
OS=Windows_NT
PROCESSOR_IDENTIFIER=AMD64 Family 23 Model 96 Stepping 1, AuthenticAMD



---------------  S Y S T E M  ---------------

OS: Windows 10 , 64 bit Build 22000 (10.0.22000.708)
OS uptime: 2 days 9:47 hours
Hyper-V role detected

CPU:total 12 (initial active 12) (12 cores per cpu, 2 threads per core) family 23 model 96 stepping 1 microcode 0x0, cmov, cx8, fxsr, mmx, sse, sse2, sse3, ssse3, sse4.1, sse4.2, popcnt, avx, avx2, aes, clmul, mmxext, 3dnowpref, lzcnt, sse4a, ht, tsc, tscinvbit, tscinv, bmi1, bmi2, adx, sha, fma

Memory: 4k page, system-wide physical 7549M (177M free)
TotalPageFile size 31101M (AvailPageFile size 48M)
current process WorkingSet (physical memory assigned to process): 10M, peak: 10M
current process commit charge ("private bytes"): 64M, peak: 181M

vm_info: OpenJDK 64-Bit Server VM (11.0.12+7-b1504.28-7817840) for windows-amd64 JRE (11.0.12+7-b1504.28-7817840), built on Oct 13 2021 22:12:33 by "builder" with MS VC++ 14.0 (VS2015)

END.
